<?xml version="1.0" encoding="UTF-8"?>
<testsuite name="com.example.journalapp.UtilsTest" tests="7" skipped="0" failures="0" errors="0" timestamp="2026-01-16T22:56:44" hostname="SEAN-LAPTOP" time="0.04">
  <properties/>
  <testcase name="monthFolderName_formatsAsYearMonth" classname="com.example.journalapp.UtilsTest" time="0.011"/>
  <testcase name="parseDateFromFileName_parsesMarkdownDates" classname="com.example.journalapp.UtilsTest" time="0.015"/>
  <testcase name="safeFileName_replacesInvalidChars" classname="com.example.journalapp.UtilsTest" time="0.005"/>
  <testcase name="splitExtension_handlesExtension" classname="com.example.journalapp.UtilsTest" time="0.001"/>
  <testcase name="entryFileName_formatsAsDateMarkdown" classname="com.example.journalapp.UtilsTest" time="0.001"/>
  <testcase name="attachmentTimestamp_formats" classname="com.example.journalapp.UtilsTest" time="0.001"/>
  <testcase name="withSuffix_appendsExtension" classname="com.example.journalapp.UtilsTest" time="0.005"/>
  <system-out><![CDATA[]]></system-out>
  <system-err><![CDATA[]]></system-err>
</testsuite>
